17:40:35 [INFO] [INIT] JKLM Bot - Iniciando sistema...
17:40:35 [INFO] [INIT] Iniciando servidor en ws://localhost:8765
17:40:38 [INFO] [CONN] Cliente conectado desde: ('::1', 55739, 0, 0)
17:40:38 [INFO] [CONFIG] Configuración recibida: {'active': True, 'autojoin': False, 'suicide': False, 'strategy_longest': False, 'strategy_alphabet': False, 'strategy_shortest': False, 'minTypingDelay': 0.05, 'maxTypingDelay': 0.15, 'startDelayMin': 0.5, 'startDelayMax': 1.5}
17:40:47 [INFO] [CONFIG] Configuración recibida: {'autojoin': True}
17:40:47 [INFO] [AUTOJOIN] Autojoin activado manualmente.
17:41:10 [INFO] [CACHE] Evento nextTurn recibido antes del setup. Guardando...
17:41:14 [INFO] [LEARN] Palabra aprendida: rara
17:41:14 [INFO] [CACHE] Evento nextTurn recibido antes del setup. Guardando...
17:41:26 [INFO] [CONN] Cliente conectado desde: ('::1', 64227, 0, 0)
17:41:26 [INFO] [CONFIG] Configuración recibida: {'active': True, 'autojoin': False, 'suicide': False, 'strategy_longest': False, 'strategy_alphabet': False, 'strategy_shortest': False, 'minTypingDelay': 0.05, 'maxTypingDelay': 0.15, 'startDelayMin': 0.5, 'startDelayMax': 1.5}
17:41:27 [INFO] [SETUP] Setup completo. Mi ID es: 0
17:41:27 [INFO] [LOAD] Diccionario cargado: 551851 palabras.
17:41:27 [INFO] [LANG] Idioma establecido: Spanish (es.txt)
17:41:27 [INFO] [SETUP] Procesando 2 eventos pendientes...
17:41:27 [INFO] [TURN] Turno de 1 (Yo: 0) | Sílaba: 'ra'
17:41:27 [INFO] [TURN] Turno de 0 (Yo: 0) | Sílaba: 'ear'
17:41:27 [INFO] [SOLVE] Solución encontrada: abaleariais
17:41:27 [INFO] [THINK] Pensando durante 0.55s...
17:41:29 [INFO] [TURN] Turno de 1 (Yo: 0) | Sílaba: 'la'
17:41:34 [INFO] [TURN] Turno de 0 (Yo: 0) | Sílaba: 'la'
17:41:34 [INFO] [SOLVE] Solución encontrada: ababillabamos
17:41:34 [INFO] [THINK] Pensando durante 0.87s...
17:41:36 [INFO] [TURN] Turno de 1 (Yo: 0) | Sílaba: 'ac'
17:41:43 [INFO] [TURN] Turno de 0 (Yo: 0) | Sílaba: 'oli'
17:41:43 [INFO] [SOLVE] Solución encontrada: abolio
17:41:43 [INFO] [THINK] Pensando durante 1.24s...
17:41:45 [INFO] [TURN] Turno de 1 (Yo: 0) | Sílaba: 'ses'
17:41:51 [INFO] 
[STOP] Servidor detenido por el usuario.
