17:40:38 [RECV] {"event":"configUpdate","data":{"active":true,"autojoin":false,"suicide":false,"strategy_longest":false,"strategy_alphabet":false,"strategy_shortest":false,"minTypingDelay":0.05,"maxTypingDelay":0.15,"startDelayMin":0.5,"startDelayMax":1.5}}
17:40:47 [RECV] {"event":"configUpdate","data":{"autojoin":true}}
17:40:47 [RECV] {"event":"addPlayer","data":{"profile":{"peerId":0,"nickname":"alpaca","language":"es-ES","auth":null,"roles":["leader"]},"isOnline":true}}
17:40:54 [RECV] {"event":"addPlayer","data":{"profile":{"peerId":1,"nickname":"Guest9778","language":"es-ES","auth":null,"roles":[]},"isOnline":true}}
17:40:56 [RECV] {"event":"setMilestone","data":[{"name":"round","startTime":1767631208474,"currentPlayerPeerId":0,"dictionaryManifest":{"name":"Spanish","bonusAlphabet":{"a":1,"b":1,"c":1,"d":1,"e":1,"f":1,"g":1,"h":1,"i":1,"j":1,"k":0,"l":1,"m":1,"n":1,"o":1,"p":1,"q":1,"r":1,"s":1,"t":1,"u":1,"v":1,"w":0,"x":0,"y":0,"z":0},"promptDifficulties":{"beginner":500,"medium":300,"hard":100}},"syllable":"ra","promptAge":0,"usedWordCount":0,"playerStatesByPeerId":{"0":{"lives":2,"word":"","wasWordValidated":false,"bonusLetters":{"a":1,"b":1,"c":1,"d":1,"e":1,"f":1,"g":1,"h":1,"i":1,"j":1,"k":0,"l":1,"m":1,"n":1,"o":1,"p":1,"q":1,"r":1,"s":1,"t":1,"u":1,"v":1,"w":0,"x":0,"y":0,"z":0}},"1":{"lives":2,"word":"","wasWordValidated":false,"bonusLetters":{"a":1,"b":1,"c":1,"d":1,"e":1,"f":1,"g":1,"h":1,"i":1,"j":1,"k":0,"l":1,"m":1,"n":1,"o":1,"p":1,"q":1,"r":1,"s":1,"t":1,"u":1,"v":1,"w":0,"x":0,"y":0,"z":0}}}},1767631208478]}
17:41:10 [RECV] {"event":"livesLost","data":[0,1]}
17:41:10 [RECV] {"event":"nextTurn","data":[1,"ra",1]}
17:41:13 [RECV] {"event":"setPlayerWord","data":[1,"r"]}
17:41:13 [RECV] {"event":"setPlayerWord","data":[1,"ra"]}
17:41:14 [RECV] {"event":"setPlayerWord","data":[1,"rar"]}
17:41:14 [RECV] {"event":"setPlayerWord","data":[1,"rara"]}
17:41:14 [RECV] {"event":"setPlayerWord","data":[1,"rara"]}
17:41:14 [RECV] {"event":"correctWord","data":{"playerPeerId":1,"bonusLetters":{"a":-1,"b":1,"c":1,"d":1,"e":1,"f":1,"g":1,"h":1,"i":1,"j":1,"k":0,"l":1,"m":1,"n":1,"o":1,"p":1,"q":1,"r":-1,"s":1,"t":1,"u":1,"v":1,"w":0,"x":0,"y":0,"z":0}}}
17:41:14 [RECV] {"event":"nextTurn","data":[0,"ear",0]}
17:41:26 [RECV] {"event":"configUpdate","data":{"active":true,"autojoin":false,"suicide":false,"strategy_longest":false,"strategy_alphabet":false,"strategy_shortest":false,"minTypingDelay":0.05,"maxTypingDelay":0.15,"startDelayMin":0.5,"startDelayMax":1.5}}
17:41:27 [RECV] {"event":"setup","data":{"serverNow":1767631238831,"rules":{"dictionaryId":{"value":"es","items":[{"value":"br","label":"Breton"},{"value":"de","label":"German"},{"value":"de-pokemon","label":"Pokemon (German)"},{"value":"en","label":"English"},{"value":"en-pokemon","label":"Pokemon"},{"value":"es","label":"Spanish"},{"value":"eu","label":"Basque"},{"value":"fr","label":"French"},{"value":"fr-pokemon","label":"Pokémon (French)"},{"value":"it","label":"Italian"},{"value":"nah","label":"Nahuatl"},{"value":"pt-BR","label":"Brazilian Portuguese"}]},"minTurnDuration":{"value":5,"min":1,"max":10},"promptDifficulty":{"value":"beginner","items":[{"value":"beginner"},{"value":"medium"},{"value":"hard"},{"value":"custom"}]},"customPromptDifficulty":{"value":500,"min":-5000,"max":5000,"disallowZero":true},"maxPromptAge":{"value":2,"min":1,"max":16},"startingLives":{"value":2,"min":1,"max":5},"maxLives":{"value":3,"min":1,"max":10},"customBonusAlphabet":{"value":{"a":1,"b":1,"c":1,"d":1,"e":1,"f":1,"g":1,"h":1,"i":1,"j":1,"k":0,"l":1,"m":1,"n":1,"o":1,"p":1,"q":1,"r":1,"s":1,"t":1,"u":1,"v":1,"w":0,"x":0,"y":0,"z":0},"min":0,"max":99},"maxPlayers":{"value":16,"min":2,"max":16}},"constants":{"maxPlayers":16,"minPlayers":2,"maxWordLength":30,"startTimerDuration":15,"minBombDuration":10,"maxBombDuration":30,"submitRateLimit":{"interval":300,"max":5}},"milestone":{"name":"round","startTime":1767631208474,"currentPlayerPeerId":0,"dictionaryManifest":{"name":"Spanish","bonusAlphabet":{"a":1,"b":1,"c":1,"d":1,"e":1,"f":1,"g":1,"h":1,"i":1,"j":1,"k":0,"l":1,"m":1,"n":1,"o":1,"p":1,"q":1,"r":1,"s":1,"t":1,"u":1,"v":1,"w":0,"x":0,"y":0,"z":0},"promptDifficulties":{"beginner":500,"medium":300,"hard":100}},"syllable":"ear","promptAge":0,"usedWordCount":1,"playerStatesByPeerId":{"0":{"lives":1,"word":"","wasWordValidated":false,"bonusLetters":{"a":1,"b":1,"c":1,"d":1,"e":1,"f":1,"g":1,"h":1,"i":1,"j":1,"k":0,"l":1,"m":1,"n":1,"o":1,"p":1,"q":1,"r":1,"s":1,"t":1,"u":1,"v":1,"w":0,"x":0,"y":0,"z":0}},"1":{"lives":2,"word":"rara","wasWordValidated":true,"bonusLetters":{"a":-1,"b":1,"c":1,"d":1,"e":1,"f":1,"g":1,"h":1,"i":1,"j":1,"k":0,"l":1,"m":1,"n":1,"o":1,"p":1,"q":1,"r":-1,"s":1,"t":1,"u":1,"v":1,"w":0,"x":0,"y":0,"z":0}}}},"players":[{"profile":{"peerId":0,"nickname":"alpaca","language":"es-ES","auth":null,"roles":["leader"]},"isOnline":true},{"profile":{"peerId":1,"nickname":"Guest9778","language":"es-ES","auth":null,"roles":[]},"isOnline":true}],"selfPeerId":0,"selfRoles":["leader"],"leaderPeerId":0}}
17:41:29 [SEND] (Submit): {"action": "escribir_palabra", "word": "abaleariais"}
17:41:29 [RECV] {"event":"setPlayerWord","data":[0,"a"]}
17:41:29 [RECV] {"event":"setPlayerWord","data":[0,"ab"]}
17:41:29 [RECV] {"event":"setPlayerWord","data":[0,"aba"]}
17:41:29 [RECV] {"event":"setPlayerWord","data":[0,"abal"]}
17:41:29 [RECV] {"event":"setPlayerWord","data":[0,"abale"]}
17:41:29 [RECV] {"event":"setPlayerWord","data":[0,"abalea"]}
17:41:29 [RECV] {"event":"setPlayerWord","data":[0,"abalear"]}
17:41:29 [RECV] {"event":"setPlayerWord","data":[0,"abaleari"]}
17:41:29 [RECV] {"event":"setPlayerWord","data":[0,"abalearia"]}
17:41:29 [RECV] {"event":"setPlayerWord","data":[0,"abaleariai"]}
17:41:29 [RECV] {"event":"setPlayerWord","data":[0,"abaleariais"]}
17:41:29 [RECV] {"event":"setPlayerWord","data":[0,"abaleariais"]}
17:41:29 [RECV] {"event":"correctWord","data":{"playerPeerId":0,"bonusLetters":{"a":-3,"b":0,"c":1,"d":1,"e":0,"f":1,"g":1,"h":1,"i":-1,"j":1,"k":0,"l":0,"m":1,"n":1,"o":1,"p":1,"q":1,"r":0,"s":0,"t":1,"u":1,"v":1,"w":0,"x":0,"y":0,"z":0}}}
17:41:29 [RECV] {"event":"nextTurn","data":[1,"la",0]}
17:41:34 [RECV] {"event":"livesLost","data":[1,1]}
17:41:34 [RECV] {"event":"nextTurn","data":[0,"la",1]}
17:41:36 [SEND] (Submit): {"action": "escribir_palabra", "word": "ababillabamos"}
17:41:36 [RECV] {"event":"setPlayerWord","data":[0,"a"]}
17:41:36 [RECV] {"event":"setPlayerWord","data":[0,"ab"]}
17:41:36 [RECV] {"event":"setPlayerWord","data":[0,"aba"]}
17:41:36 [RECV] {"event":"setPlayerWord","data":[0,"abab"]}
17:41:36 [RECV] {"event":"setPlayerWord","data":[0,"ababi"]}
17:41:36 [RECV] {"event":"setPlayerWord","data":[0,"ababil"]}
17:41:36 [RECV] {"event":"setPlayerWord","data":[0,"ababill"]}
17:41:36 [RECV] {"event":"setPlayerWord","data":[0,"ababilla"]}
17:41:36 [RECV] {"event":"setPlayerWord","data":[0,"ababillab"]}
17:41:36 [RECV] {"event":"setPlayerWord","data":[0,"ababillaba"]}
17:41:36 [RECV] {"event":"setPlayerWord","data":[0,"ababillabam"]}
17:41:36 [RECV] {"event":"setPlayerWord","data":[0,"ababillabamo"]}
17:41:36 [RECV] {"event":"setPlayerWord","data":[0,"ababillabamos"]}
17:41:36 [RECV] {"event":"setPlayerWord","data":[0,"ababillabamos"]}
17:41:36 [RECV] {"event":"correctWord","data":{"playerPeerId":0,"bonusLetters":{"a":-7,"b":-3,"c":1,"d":1,"e":0,"f":1,"g":1,"h":1,"i":-2,"j":1,"k":0,"l":-2,"m":0,"n":1,"o":0,"p":1,"q":1,"r":0,"s":-1,"t":1,"u":1,"v":1,"w":0,"x":0,"y":0,"z":0}}}
17:41:36 [RECV] {"event":"nextTurn","data":[1,"ac",0]}
17:41:37 [RECV] {"event":"setPlayerWord","data":[1,"a"]}
17:41:37 [RECV] {"event":"setPlayerWord","data":[1,"ac"]}
17:41:37 [RECV] {"event":"setPlayerWord","data":[1,"a"]}
17:41:38 [RECV] {"event":"setPlayerWord","data":[1,""]}
17:41:38 [RECV] {"event":"setPlayerWord","data":[1,"h"]}
17:41:38 [RECV] {"event":"setPlayerWord","data":[1,"ha"]}
17:41:38 [RECV] {"event":"setPlayerWord","data":[1,"hac"]}
17:41:39 [RECV] {"event":"setPlayerWord","data":[1,"hace"]}
17:41:39 [RECV] {"event":"setPlayerWord","data":[1,"hacer"]}
17:41:43 [RECV] {"event":"setPlayerWord","data":[1,"hacer"]}
17:41:43 [RECV] {"event":"correctWord","data":{"playerPeerId":1,"bonusLetters":{"a":-2,"b":1,"c":0,"d":1,"e":0,"f":1,"g":1,"h":0,"i":1,"j":1,"k":0,"l":1,"m":1,"n":1,"o":1,"p":1,"q":1,"r":-2,"s":1,"t":1,"u":1,"v":1,"w":0,"x":0,"y":0,"z":0}}}
17:41:43 [RECV] {"event":"nextTurn","data":[0,"oli",0]}
17:41:45 [SEND] (Submit): {"action": "escribir_palabra", "word": "abolio"}
17:41:45 [RECV] {"event":"setPlayerWord","data":[0,"a"]}
17:41:45 [RECV] {"event":"setPlayerWord","data":[0,"ab"]}
17:41:45 [RECV] {"event":"setPlayerWord","data":[0,"abo"]}
17:41:45 [RECV] {"event":"setPlayerWord","data":[0,"abol"]}
17:41:45 [RECV] {"event":"setPlayerWord","data":[0,"aboli"]}
17:41:45 [RECV] {"event":"setPlayerWord","data":[0,"abolio"]}
17:41:45 [RECV] {"event":"setPlayerWord","data":[0,"abolio"]}
17:41:45 [RECV] {"event":"correctWord","data":{"playerPeerId":0,"bonusLetters":{"a":-8,"b":-4,"c":1,"d":1,"e":0,"f":1,"g":1,"h":1,"i":-3,"j":1,"k":0,"l":-3,"m":0,"n":1,"o":-2,"p":1,"q":1,"r":0,"s":-1,"t":1,"u":1,"v":1,"w":0,"x":0,"y":0,"z":0}}}
17:41:45 [RECV] {"event":"nextTurn","data":[1,"ses",0]}
